<?xml version="1.0" encoding="UTF-8"?>
<testsuite xmlns:xsi="http://www.w3.org/2001/XMLSchema-instance" xsi:noNamespaceSchemaLocation="https://maven.apache.org/surefire/maven-surefire-plugin/xsd/surefire-test-report-3.0.xsd" version="3.0" name="com.lanqiao.test.generator.GeneratorBuilderTest" time="0.185" tests="2" errors="0" skipped="0" failures="0">
  <properties>
[...]
</properties>
  <testcase name="testDependency" classname="com.lanqiao.test.generator.GeneratorBuilderTest" time="0.168">
    <system-out><![CDATA[GeneratorBuilderTest.Employee(name=周九, level=1, salary=6962.4127123212875)
GeneratorBuilderTest.Employee(name=张三, level=1, salary=6678.813375020423)
GeneratorBuilderTest.Employee(name=张三, level=2, salary=11907.520799264355)
GeneratorBuilderTest.Employee(name=李四, level=3, salary=22096.86600567376)
GeneratorBuilderTest.Employee(name=孙八, level=2, salary=14217.694135603353)
GeneratorBuilderTest.Employee(name=王五, level=3, salary=19041.44200568161)
GeneratorBuilderTest.Employee(name=孙八, level=2, salary=11895.14718601562)
GeneratorBuilderTest.Employee(name=孙八, level=2, salary=13127.300157119063)
GeneratorBuilderTest.Employee(name=周九, level=3, salary=20975.877592065008)
GeneratorBuilderTest.Employee(name=周九, level=2, salary=12092.876315949996)
]]></system-out>
  </testcase>
  <testcase name="test" classname="com.lanqiao.test.generator.GeneratorBuilderTest" time="0.01">
    <system-out><![CDATA[00:09:40.301 [main] INFO  com.lanqiao.test.generator.GeneratorBuilderTest - p1=GeneratorBuilderTest.Person(age=809, id=2106027886168070363, clothes=GeneratorBuilderTest.Clothes(type=2, price=0.7915736784354143)) p2=GeneratorBuilderTest.Person(age=481, id=8574094230112679756, clothes=GeneratorBuilderTest.Clothes(type=0, price=0.8062734793029587))
]]></system-out>
  </testcase>
</testsuite>